<?xml version="1.0" encoding="UTF-8"?>
<!-- Generated by org.testng.reporters.JUnitXMLReporter -->
<testsuite ignored="1" hostname="HP" failures="0" tests="2" name="Carloan" time="0.004" errors="0" timestamp="2023-04-27T18:23:56 IST">
  <testcase classname="test.Day3" name="loginAPIcarLoan" time="0.001"/>
  <testcase classname="test.Day3" name="webLogin" time="0.0"/>
  <testcase classname="test.Day3" name="mobileLoginCarLoan" time="0.0">
    <ignored/>
  </testcase> <!-- mobileLoginCarLoan -->
</testsuite> <!-- Carloan -->
