<?xml version="1.0" encoding="UTF-8"?>
<!-- Generated by org.testng.reporters.JUnitXMLReporter -->
<testsuite ignored="0" hostname="HP" failures="0" tests="9" name="PersonalLoan" time="0.056" errors="0" timestamp="2023-04-27T18:48:24 IST">
  <testcase classname="test.Day2" name="ploan" time="0.008"/>
  <testcase classname="test.Day3" name="loginAPIcarLoan" time="0.001"/>
  <testcase classname="test.Day3" name="mobileLoginCarLoan" time="0.0"/>
  <testcase classname="test.Day3" name="webLogin" time="0.001"/>
  <testcase classname="test.Day4" name="loginAPIhomeLoan" time="0.001"/>
  <testcase classname="test.Day4" name="mobileLoginHomeLoan" time="0.001"/>
  <testcase classname="test.Day4" name="webLoginHomeLoan" time="0.0"/>
  <testcase classname="test.Demo" name="display" time="0.001"/>
  <testcase classname="test.Demo" name="secondTest" time="0.001"/>
</testsuite> <!-- PersonalLoan -->
