<?xml version="1.0" encoding="UTF-8"?>
<testng-results ignored="0" total="1" passed="1" failed="0" skipped="0">
  <reporter-output>
  </reporter-output>
  <suite started-at="2023-02-17T22:59:02 IST" name="Default suite" finished-at="2023-02-17T22:59:04 IST" duration-ms="1780">
    <groups>
    </groups>
    <test started-at="2023-02-17T22:59:02 IST" name="Default test" finished-at="2023-02-17T22:59:04 IST" duration-ms="1780">
      <class name="tests.TestExample">
        <test-method signature="test_1()[pri:0, instance:tests.TestExample@3d5c822d]" started-at="2023-02-17T22:59:02 IST" name="test_1" finished-at="2023-02-17T22:59:04 IST" duration-ms="1736" status="PASS">
          <reporter-output>
          </reporter-output>
        </test-method> <!-- test_1 -->
      </class> <!-- tests.TestExample -->
    </test> <!-- Default test -->
  </suite> <!-- Default suite -->
</testng-results>
